artist     0: Jimi Hendrix
	50 songs recieved
artist     1: Machine Gun Kelly
	50 songs recieved
artist     2: Project Pat
	50 songs recieved
artist     3: Keb' Mo'
	50 songs recieved
artist     4: Berlin
	50 songs recieved
artist     5: The Bar-Kays
	50 songs recieved
artist     6: Donny Osmond
	50 songs recieved
artist     7: Fritz Kreisler
	50 songs recieved
artist     8: Rowan Atkinson
	17 songs recieved
artist     9: Joséphine Baker
	50 songs recieved
artist    10: Bruce Hornsby
	50 songs recieved
artist    11: Miles Davis Quartet
	50 songs recieved
artist    12: Jeremy Irons
	9 songs recieved
artist    13: Tracy Byrd
	50 songs recieved
artist    14: BLOSSOM DEARIE
	50 songs recieved
artist    15: Los Hispanos
	50 songs recieved
artist    16: Sarah Brightman
	50 songs recieved
artist    17: Salt-N-Pepa
	50 songs recieved
artist    18: Los Bondadosos
	50 songs recieved
artist    19: Jeff Beck
	50 songs recieved
artist    20: Aventura
	50 songs recieved
artist    21: Intocable
	50 songs recieved
artist    22: Marty Robbins
	50 songs recieved
artist    23: Vince Guaraldi Trio
	50 songs recieved
artist    24: Giacomo Meyerbeer
	50 songs recieved
artist    25: Africa
	50 songs recieved
artist    26: Federico Moreno Torroba
	50 songs recieved
artist    27: Cristian Castro
	50 songs recieved
artist    28: Dave Stewart
	50 songs recieved
artist    29: Gianandrea Noseda
	no entries
	0 songs recieved
